0 info it worked if it ends with ok
1 verbose cli [ '/usr/local/Cellar/node/6.3.1/bin/node',
1 verbose cli   '/usr/local/bin/npm',
1 verbose cli   'publish' ]
2 info using npm@3.10.5
3 info using node@v6.3.1
4 verbose publish [ '.' ]
5 silly cache add args [ '.', null ]
6 verbose cache add spec .
7 silly cache add parsed spec Result {
7 silly cache add   raw: '.',
7 silly cache add   scope: null,
7 silly cache add   escapedName: null,
7 silly cache add   name: null,
7 silly cache add   rawSpec: '.',
7 silly cache add   spec: '/Users/martinsuess/Downloads/homebridge-custom-http',
7 silly cache add   type: 'directory' }
8 verbose addLocalDirectory /Users/martinsuess/.npm/homebridge-custom-http/0.0.1/package.tgz not in flight; packing
9 verbose correctMkdir /Users/martinsuess/.npm correctMkdir not in flight; initializing
10 info lifecycle homebridge-custom-http@0.0.1~prepublish: homebridge-custom-http@0.0.1
11 silly lifecycle homebridge-custom-http@0.0.1~prepublish: no script for prepublish, continuing
12 verbose tar pack [ '/Users/martinsuess/.npm/homebridge-custom-http/0.0.1/package.tgz',
12 verbose tar pack   '/Users/martinsuess/Downloads/homebridge-custom-http' ]
13 verbose tarball /Users/martinsuess/.npm/homebridge-custom-http/0.0.1/package.tgz
14 verbose folder /Users/martinsuess/Downloads/homebridge-custom-http
15 verbose addLocalTarball adding from inside cache /Users/martinsuess/.npm/homebridge-custom-http/0.0.1/package.tgz
16 verbose correctMkdir /Users/martinsuess/.npm correctMkdir not in flight; initializing
17 silly cache afterAdd homebridge-custom-http@0.0.1
18 verbose afterAdd /Users/martinsuess/.npm/homebridge-custom-http/0.0.1/package/package.json not in flight; writing
19 verbose correctMkdir /Users/martinsuess/.npm correctMkdir not in flight; initializing
20 verbose afterAdd /Users/martinsuess/.npm/homebridge-custom-http/0.0.1/package/package.json written
21 silly publish { name: 'homebridge-custom-http',
21 silly publish   version: '0.0.1',
21 silly publish   description: 'http(s) custom plugin for Homebridge: https://github.com/nfarina/homebridge',
21 silly publish   license: 'ISC',
21 silly publish   keywords: [ 'homebridge-plugin' ],
21 silly publish   engines: { node: '>=0.12.0', homebridge: '>=0.2.0' },
21 silly publish   author: { name: 'Martin' },
21 silly publish   contributors:
21 silly publish    [ { name: 'NovaGL' },
21 silly publish      { name: 'David Parry' },
21 silly publish      { name: 'Adrian Rudman' } ],
21 silly publish   repository:
21 silly publish    { type: 'git',
21 silly publish      url: 'git://github.com/EinArzt/homebridge-custom-http.git' },
21 silly publish   dependencies:
21 silly publish    { express: '^4.14.0',
21 silly publish      'polling-to-event': '>=2.0.2',
21 silly publish      request: '^2.65.0' },
21 silly publish   readme: '# homebridge-http\n\nSupports https devices on the HomeBridge Platform and provides a readable callback for getting the "On" and brightness level characteristics to Homekit.\n\n# Installation\n\n1. Install homebridge using: npm install -g homebridge\n2. Install homebridge-http using: npm install -g homebridge-http\n3. Update your configuration file. See sample-config.json in this repository for a sample. \n\n# Configuration\n\nThis module has recently been updated to support an additional method to read the power state of the device and the brightness level. Specify the `status_url` in your config.json that returns the status of the device as an integer (0 = off, 1 = on). \n\nSpecify the `brightnesslvl_url` to return the current brightness level as an integer.\n\nSwitch Handling and brightness Handling support 3 methods, yes for polling on app load, realtime for constant polling or no polling\n\nConfiguration sample:\n\n ```\n"accessories": [ \n\t{\n\t\t"accessory": "Http",\n\t\t"name": "Alfresco Lamp",\n\t\t"switchHandling": "realtime",\n\t\t"http_method": "GET",\n\t\t"on_url":      "http://localhost/controller/1700/ON",\n\t\t"off_url":     "http://localhost/controller/1700/OFF",\n\t\t"status_url":  "http://localhost/status/100059",\n\t\t"service": "Light",\n\t\t"brightnessHandling": "yes",\n\t\t"brightness_url":     "http://localhost/controller/1707/%b",\n\t\t"brightnesslvl_url":  "http://localhost/status/100054",\n\t\t"sendimmediately": "",\n\t\t"username" : "",\n\t\t"password" : ""\t\t\t\t\t    \n       } \n    ]\n```\n\n#ToDo\n\nComplete documentation and review a number of  forks',
21 silly publish   readmeFilename: 'README.md',
21 silly publish   gitHead: 'a8bb94a3265de956e1511c2a209e91f4d5b3f7f3',
21 silly publish   bugs: { url: 'https://github.com/EinArzt/homebridge-custom-http/issues' },
21 silly publish   homepage: 'https://github.com/EinArzt/homebridge-custom-http#readme',
21 silly publish   _id: 'homebridge-custom-http@0.0.1',
21 silly publish   scripts: {},
21 silly publish   _shasum: 'e8ae3900d2e9baeb78c334e90be694a1713e365d',
21 silly publish   _from: '.' }
22 verbose getPublishConfig undefined
23 silly mapToRegistry name homebridge-custom-http
24 silly mapToRegistry using default registry
25 silly mapToRegistry registry https://registry.npmjs.org/
26 silly mapToRegistry data Result {
26 silly mapToRegistry   raw: 'homebridge-custom-http',
26 silly mapToRegistry   scope: null,
26 silly mapToRegistry   escapedName: 'homebridge-custom-http',
26 silly mapToRegistry   name: 'homebridge-custom-http',
26 silly mapToRegistry   rawSpec: '',
26 silly mapToRegistry   spec: 'latest',
26 silly mapToRegistry   type: 'tag' }
27 silly mapToRegistry uri https://registry.npmjs.org/homebridge-custom-http
28 verbose publish registryBase https://registry.npmjs.org/
29 silly publish uploading /Users/martinsuess/.npm/homebridge-custom-http/0.0.1/package.tgz
30 verbose request uri https://registry.npmjs.org/homebridge-custom-http
31 verbose request sending authorization for write operation
32 info attempt registry request try #1 at 15:50:27
33 verbose request using bearer token for auth
34 verbose request id 4863e7e3daf289f4
35 http request PUT https://registry.npmjs.org/homebridge-custom-http
36 http 403 https://registry.npmjs.org/homebridge-custom-http
37 verbose headers { 'content-type': 'application/json',
37 verbose headers   'cache-control': 'max-age=300',
37 verbose headers   'content-length': '95',
37 verbose headers   'accept-ranges': 'bytes',
37 verbose headers   date: 'Thu, 15 Sep 2016 13:50:31 GMT',
37 verbose headers   via: '1.1 varnish',
37 verbose headers   connection: 'keep-alive',
37 verbose headers   'x-served-by': 'cache-fra1224-FRA',
37 verbose headers   'x-cache': 'MISS',
37 verbose headers   'x-cache-hits': '0',
37 verbose headers   'x-timer': 'S1473947429.927050,VS0,VE1080',
37 verbose headers   vary: 'Accept-Encoding' }
38 verbose request invalidating /Users/martinsuess/.npm/registry.npmjs.org/homebridge-custom-http on PUT
39 error publish Failed PUT 403
40 verbose stack Error: "You cannot publish over the previously published version 0.0.1." : homebridge-custom-http
40 verbose stack     at makeError (/usr/local/lib/node_modules/npm/node_modules/npm-registry-client/lib/request.js:264:12)
40 verbose stack     at CachingRegistryClient.<anonymous> (/usr/local/lib/node_modules/npm/node_modules/npm-registry-client/lib/request.js:252:14)
40 verbose stack     at Request._callback (/usr/local/lib/node_modules/npm/node_modules/npm-registry-client/lib/request.js:172:14)
40 verbose stack     at Request.self.callback (/usr/local/lib/node_modules/npm/node_modules/request/request.js:200:22)
40 verbose stack     at emitTwo (events.js:106:13)
40 verbose stack     at Request.emit (events.js:191:7)
40 verbose stack     at Request.<anonymous> (/usr/local/lib/node_modules/npm/node_modules/request/request.js:1067:10)
40 verbose stack     at emitOne (events.js:101:20)
40 verbose stack     at Request.emit (events.js:188:7)
40 verbose stack     at IncomingMessage.<anonymous> (/usr/local/lib/node_modules/npm/node_modules/request/request.js:988:12)
41 verbose statusCode 403
42 verbose pkgid homebridge-custom-http
43 verbose cwd /Users/martinsuess/Downloads/homebridge-custom-http
44 error Darwin 15.6.0
45 error argv "/usr/local/Cellar/node/6.3.1/bin/node" "/usr/local/bin/npm" "publish"
46 error node v6.3.1
47 error npm  v3.10.5
48 error code E403
49 error "You cannot publish over the previously published version 0.0.1." : homebridge-custom-http
50 error If you need help, you may report this error at:
50 error     <https://github.com/npm/npm/issues>
51 verbose exit [ 1, true ]
